<?xml version="1.0" encoding="UTF-8"?>
<testng-results ignored="0" total="1" passed="1" failed="0" skipped="0">
  <reporter-output>
  </reporter-output>
  <suite started-at="2023-01-06T11:11:52 IST" name="Default suite" finished-at="2023-01-06T11:12:07 IST" duration-ms="14328">
    <groups>
    </groups>
    <test started-at="2023-01-06T11:11:52 IST" name="Default test" finished-at="2023-01-06T11:12:07 IST" duration-ms="14328">
      <class name="module1.FacebookLoginTestNg">
        <test-method is-config="true" signature="openBrowser()[pri:0, instance:module1.FacebookLoginTestNg@3b0fe47a]" started-at="2023-01-06T11:11:52 IST" name="openBrowser" finished-at="2023-01-06T11:12:06 IST" duration-ms="13250" status="PASS">
          <reporter-output>
          </reporter-output>
        </test-method> <!-- openBrowser -->
        <test-method is-config="true" signature="logintoApp()[pri:0, instance:module1.FacebookLoginTestNg@3b0fe47a]" started-at="2023-01-06T11:12:06 IST" name="logintoApp" finished-at="2023-01-06T11:12:07 IST" duration-ms="869" status="PASS">
          <reporter-output>
          </reporter-output>
        </test-method> <!-- logintoApp -->
        <test-method signature="vaarifyuser()[pri:0, instance:module1.FacebookLoginTestNg@3b0fe47a]" started-at="2023-01-06T11:12:07 IST" name="vaarifyuser" finished-at="2023-01-06T11:12:07 IST" duration-ms="32" status="PASS">
          <reporter-output>
          </reporter-output>
        </test-method> <!-- vaarifyuser -->
      </class> <!-- module1.FacebookLoginTestNg -->
    </test> <!-- Default test -->
  </suite> <!-- Default suite -->
</testng-results>
